<?xml version="1.0" encoding="UTF-8"?>
<!-- Generated by org.testng.reporters.JUnitReportReporter -->
<testsuite hostname="ES-SL-L0024" failures="0" tests="1" name="test.LoginTest" time="5.758" errors="0" timestamp="14 Oct 2018 10:32:33 GMT" skipped="0">
  <testcase classname="test.LoginTest" name="test_Home_Page_Appear_Correct" time="5.758"/>
</testsuite> <!-- test.LoginTest -->
