<?xml version="1.0" encoding="UTF-8"?>
<!-- Generated by org.testng.reporters.JUnitReportReporter -->
<testsuite hostname="ES-SL-L0024" failures="0" tests="1" name="test.FormFiller_Json" time="10.671" errors="0" timestamp="13 Oct 2018 17:45:21 GMT" skipped="0">
  <testcase classname="test.FormFiller_Json" name="SignUpUserForm_guru99insurance" time="10.671"/>
</testsuite> <!-- test.FormFiller_Json -->
